2023-10-02 15:10:47,308 INFO o.s.b.StartupInfoLogger [main] Starting MsmsPerformanceMonitorApplication using Java 17.0.6 with PID 19956 (D:\Office\mSMS_performance_monitor\target\classes started by MALEESHAF in D:\Office\mSMS_performance_monitor)
2023-10-02 15:10:47,335 INFO o.s.b.SpringApplication [main] No active profile set, falling back to 1 default profile: "default"
2023-10-02 15:10:53,821 INFO o.s.d.r.c.RepositoryConfigurationDelegate [main] Bootstrapping Spring Data JPA repositories in DEFAULT mode.
2023-10-02 15:10:54,451 INFO o.s.d.r.c.RepositoryConfigurationDelegate [main] Finished Spring Data repository scanning in 172 ms. Found 1 JPA repository interfaces.
2023-10-02 15:10:54,454 INFO o.s.d.r.c.RepositoryConfigurationDelegate [main] Bootstrapping Spring Data JPA repositories in DEFAULT mode.
2023-10-02 15:10:54,483 INFO o.s.d.r.c.RepositoryConfigurationDelegate [main] Finished Spring Data repository scanning in 9 ms. Found 1 JPA repository interfaces.
2023-10-02 15:10:54,485 INFO o.s.d.r.c.RepositoryConfigurationDelegate [main] Bootstrapping Spring Data JPA repositories in DEFAULT mode.
2023-10-02 15:10:54,502 INFO o.s.d.r.c.RepositoryConfigurationDelegate [main] Finished Spring Data repository scanning in 16 ms. Found 1 JPA repository interfaces.
2023-10-02 15:10:54,504 INFO o.s.d.r.c.RepositoryConfigurationDelegate [main] Bootstrapping Spring Data JPA repositories in DEFAULT mode.
2023-10-02 15:10:54,538 INFO o.s.d.r.c.RepositoryConfigurationDelegate [main] Finished Spring Data repository scanning in 33 ms. Found 4 JPA repository interfaces.
2023-10-02 15:10:54,540 INFO o.s.d.r.c.RepositoryConfigurationDelegate [main] Bootstrapping Spring Data JPA repositories in DEFAULT mode.
2023-10-02 15:10:54,562 INFO o.s.d.r.c.RepositoryConfigurationDelegate [main] Finished Spring Data repository scanning in 20 ms. Found 3 JPA repository interfaces.
2023-10-02 15:10:54,563 INFO o.s.d.r.c.RepositoryConfigurationDelegate [main] Bootstrapping Spring Data JPA repositories in DEFAULT mode.
2023-10-02 15:10:54,580 INFO o.s.d.r.c.RepositoryConfigurationDelegate [main] Finished Spring Data repository scanning in 15 ms. Found 1 JPA repository interfaces.
2023-10-02 15:10:54,581 INFO o.s.d.r.c.RepositoryConfigurationDelegate [main] Bootstrapping Spring Data JPA repositories in DEFAULT mode.
2023-10-02 15:10:54,597 INFO o.s.d.r.c.RepositoryConfigurationDelegate [main] Finished Spring Data repository scanning in 15 ms. Found 2 JPA repository interfaces.
2023-10-02 15:10:59,036 INFO o.s.b.w.e.t.TomcatWebServer [main] Tomcat initialized with port(s): 8080 (http)
2023-10-02 15:10:59,058 INFO o.a.j.l.DirectJDKLog [main] Initializing ProtocolHandler ["http-nio-8080"]
2023-10-02 15:10:59,060 INFO o.a.j.l.DirectJDKLog [main] Starting service [Tomcat]
2023-10-02 15:10:59,062 INFO o.a.j.l.DirectJDKLog [main] Starting Servlet engine: [Apache Tomcat/10.1.8]
2023-10-02 15:10:59,439 INFO o.a.j.l.DirectJDKLog [main] Initializing Spring embedded WebApplicationContext
2023-10-02 15:10:59,440 INFO o.s.b.w.s.c.ServletWebServerApplicationContext [main] Root WebApplicationContext: initialization completed in 11852 ms
2023-10-02 15:11:04,346 INFO o.h.j.i.u.LogHelper [main] HHH000204: Processing PersistenceUnitInfo [name: smsBulkBackup]
2023-10-02 15:11:04,928 INFO o.h.Version [main] HHH000412: Hibernate ORM core version 6.1.7.Final
2023-10-02 15:11:07,080 INFO c.z.h.HikariDataSource [main] HikariPool-1 - Starting...
2023-10-02 15:11:08,036 INFO c.z.h.p.HikariPool [main] HikariPool-1 - Added connection com.mysql.cj.jdbc.ConnectionImpl@105ffc58
2023-10-02 15:11:08,040 INFO c.z.h.HikariDataSource [main] HikariPool-1 - Start completed.
2023-10-02 15:11:08,507 INFO o.h.e.j.d.i.DialectFactoryImpl [main] HHH000400: Using dialect: org.hibernate.dialect.MySQLDialect
2023-10-02 15:11:15,238 INFO o.h.e.t.j.p.i.JtaPlatformInitiator [main] HHH000490: Using JtaPlatform implementation: [org.hibernate.engine.transaction.jta.platform.internal.NoJtaPlatform]
2023-10-02 15:11:15,326 INFO o.s.o.j.AbstractEntityManagerFactoryBean [main] Initialized JPA EntityManagerFactory for persistence unit 'smsBulkBackup'
2023-10-02 15:11:15,390 INFO o.h.j.i.u.LogHelper [main] HHH000204: Processing PersistenceUnitInfo [name: smsRealtime]
2023-10-02 15:11:15,543 INFO c.z.h.HikariDataSource [main] HikariPool-2 - Starting...
2023-10-02 15:11:15,648 INFO c.z.h.p.HikariPool [main] HikariPool-2 - Added connection com.mysql.cj.jdbc.ConnectionImpl@6705fb02
2023-10-02 15:11:15,649 INFO c.z.h.HikariDataSource [main] HikariPool-2 - Start completed.
2023-10-02 15:11:15,660 INFO o.h.e.j.d.i.DialectFactoryImpl [main] HHH000400: Using dialect: org.hibernate.dialect.MySQLDialect
2023-10-02 15:11:15,866 INFO o.h.e.t.j.p.i.JtaPlatformInitiator [main] HHH000490: Using JtaPlatform implementation: [org.hibernate.engine.transaction.jta.platform.internal.NoJtaPlatform]
2023-10-02 15:11:15,868 INFO o.s.o.j.AbstractEntityManagerFactoryBean [main] Initialized JPA EntityManagerFactory for persistence unit 'smsRealtime'
2023-10-02 15:11:15,914 INFO o.h.j.i.u.LogHelper [main] HHH000204: Processing PersistenceUnitInfo [name: smsRealtimeBackup]
2023-10-02 15:11:16,081 INFO c.z.h.HikariDataSource [main] HikariPool-3 - Starting...
2023-10-02 15:11:16,163 INFO c.z.h.p.HikariPool [main] HikariPool-3 - Added connection com.mysql.cj.jdbc.ConnectionImpl@380e470a
2023-10-02 15:11:16,164 INFO c.z.h.HikariDataSource [main] HikariPool-3 - Start completed.
2023-10-02 15:11:16,168 INFO o.h.e.j.d.i.DialectFactoryImpl [main] HHH000400: Using dialect: org.hibernate.dialect.MySQLDialect
2023-10-02 15:11:16,334 INFO o.h.e.t.j.p.i.JtaPlatformInitiator [main] HHH000490: Using JtaPlatform implementation: [org.hibernate.engine.transaction.jta.platform.internal.NoJtaPlatform]
2023-10-02 15:11:16,335 INFO o.s.o.j.AbstractEntityManagerFactoryBean [main] Initialized JPA EntityManagerFactory for persistence unit 'smsRealtimeBackup'
2023-10-02 15:11:16,382 INFO o.h.j.i.u.LogHelper [main] HHH000204: Processing PersistenceUnitInfo [name: smsbulkim]
2023-10-02 15:11:16,510 INFO c.z.h.HikariDataSource [main] HikariPool-4 - Starting...
2023-10-02 15:11:16,574 INFO c.z.h.p.HikariPool [main] HikariPool-4 - Added connection com.mysql.cj.jdbc.ConnectionImpl@59d6a4d1
2023-10-02 15:11:16,574 INFO c.z.h.HikariDataSource [main] HikariPool-4 - Start completed.
2023-10-02 15:11:16,588 INFO o.h.e.j.d.i.DialectFactoryImpl [main] HHH000400: Using dialect: org.hibernate.dialect.MySQLDialect
2023-10-02 15:11:17,140 INFO o.h.e.t.j.p.i.JtaPlatformInitiator [main] HHH000490: Using JtaPlatform implementation: [org.hibernate.engine.transaction.jta.platform.internal.NoJtaPlatform]
2023-10-02 15:11:17,141 INFO o.s.o.j.AbstractEntityManagerFactoryBean [main] Initialized JPA EntityManagerFactory for persistence unit 'smsbulkim'
2023-10-02 15:11:17,148 INFO o.h.j.i.u.LogHelper [main] HHH000204: Processing PersistenceUnitInfo [name: smsbulk]
2023-10-02 15:11:17,304 INFO c.z.h.HikariDataSource [main] HikariPool-5 - Starting...
2023-10-02 15:11:17,402 INFO c.z.h.p.HikariPool [main] HikariPool-5 - Added connection com.mysql.cj.jdbc.ConnectionImpl@51c660c8
2023-10-02 15:11:17,403 INFO c.z.h.HikariDataSource [main] HikariPool-5 - Start completed.
2023-10-02 15:11:17,440 INFO o.h.e.j.d.i.DialectFactoryImpl [main] HHH000400: Using dialect: org.hibernate.dialect.MySQLDialect
2023-10-02 15:11:17,690 INFO o.h.e.t.j.p.i.JtaPlatformInitiator [main] HHH000490: Using JtaPlatform implementation: [org.hibernate.engine.transaction.jta.platform.internal.NoJtaPlatform]
2023-10-02 15:11:17,691 INFO o.s.o.j.AbstractEntityManagerFactoryBean [main] Initialized JPA EntityManagerFactory for persistence unit 'smsbulk'
2023-10-02 15:11:17,733 INFO o.h.j.i.u.LogHelper [main] HHH000204: Processing PersistenceUnitInfo [name: sms]
2023-10-02 15:11:17,875 INFO c.z.h.HikariDataSource [main] HikariPool-6 - Starting...
2023-10-02 15:11:18,584 INFO c.z.h.p.HikariPool [main] HikariPool-6 - Added connection com.mysql.cj.jdbc.ConnectionImpl@5be521cd
2023-10-02 15:11:18,585 INFO c.z.h.HikariDataSource [main] HikariPool-6 - Start completed.
2023-10-02 15:11:18,596 INFO o.h.e.j.d.i.DialectFactoryImpl [main] HHH000400: Using dialect: org.hibernate.dialect.MySQLDialect
2023-10-02 15:11:18,663 INFO o.h.e.t.j.p.i.JtaPlatformInitiator [main] HHH000490: Using JtaPlatform implementation: [org.hibernate.engine.transaction.jta.platform.internal.NoJtaPlatform]
2023-10-02 15:11:18,664 INFO o.s.o.j.AbstractEntityManagerFactoryBean [main] Initialized JPA EntityManagerFactory for persistence unit 'sms'
2023-10-02 15:11:18,700 INFO o.h.j.i.u.LogHelper [main] HHH000204: Processing PersistenceUnitInfo [name: user]
2023-10-02 15:11:18,810 INFO c.z.h.HikariDataSource [main] HikariPool-7 - Starting...
2023-10-02 15:11:18,891 INFO c.z.h.p.HikariPool [main] HikariPool-7 - Added connection com.mysql.cj.jdbc.ConnectionImpl@cd8e702
2023-10-02 15:11:21,447 INFO c.z.h.HikariDataSource [main] HikariPool-7 - Start completed.
2023-10-02 15:11:21,462 INFO o.h.e.j.d.i.DialectFactoryImpl [main] HHH000400: Using dialect: org.hibernate.dialect.MySQLDialect
2023-10-02 15:11:21,653 INFO o.h.e.t.j.p.i.JtaPlatformInitiator [main] HHH000490: Using JtaPlatform implementation: [org.hibernate.engine.transaction.jta.platform.internal.NoJtaPlatform]
2023-10-02 15:11:21,654 INFO o.s.o.j.AbstractEntityManagerFactoryBean [main] Initialized JPA EntityManagerFactory for persistence unit 'user'
2023-10-02 15:11:28,429 WARN o.s.c.LocalVariableTableParameterNameDiscoverer [main] Using deprecated '-debug' fallback for parameter name resolution. Compile the affected code with '-parameters' instead or avoid its introspection: com.MSMSPerformanceMonitor.user.repository.RefreshTokenRepository
2023-10-02 15:11:28,824 WARN o.s.c.LocalVariableTableParameterNameDiscoverer [main] Using deprecated '-debug' fallback for parameter name resolution. Compile the affected code with '-parameters' instead or avoid its introspection: com.MSMSPerformanceMonitor.smsbulk.repository.BulkSmsRepository
2023-10-02 15:11:30,224 WARN o.s.c.LocalVariableTableParameterNameDiscoverer [main] Using deprecated '-debug' fallback for parameter name resolution. Compile the affected code with '-parameters' instead or avoid its introspection: com.MSMSPerformanceMonitor.smsbulk.repository.SMSLoadSummeryCopyRepository
2023-10-02 15:11:31,149 WARN o.s.b.a.o.j.JpaBaseConfiguration$JpaWebConfiguration [main] spring.jpa.open-in-view is enabled by default. Therefore, database queries may be performed during view rendering. Explicitly configure spring.jpa.open-in-view to disable this warning
2023-10-02 15:11:32,720 INFO o.a.j.l.DirectJDKLog [main] Starting ProtocolHandler ["http-nio-8080"]
2023-10-02 15:11:32,731 WARN o.s.c.s.AbstractApplicationContext [main] Exception encountered during context initialization - cancelling refresh attempt: org.springframework.context.ApplicationContextException: Failed to start bean 'webServerStartStop'
2023-10-02 15:11:32,737 INFO o.s.o.j.AbstractEntityManagerFactoryBean [main] Closing JPA EntityManagerFactory for persistence unit 'user'
2023-10-02 15:11:32,739 INFO c.z.h.HikariDataSource [main] HikariPool-7 - Shutdown initiated...
2023-10-02 15:11:32,761 INFO c.z.h.HikariDataSource [main] HikariPool-7 - Shutdown completed.
2023-10-02 15:11:32,761 INFO o.s.o.j.AbstractEntityManagerFactoryBean [main] Closing JPA EntityManagerFactory for persistence unit 'sms'
2023-10-02 15:11:32,762 INFO c.z.h.HikariDataSource [main] HikariPool-6 - Shutdown initiated...
2023-10-02 15:11:32,815 INFO c.z.h.HikariDataSource [main] HikariPool-6 - Shutdown completed.
2023-10-02 15:11:32,816 INFO o.s.o.j.AbstractEntityManagerFactoryBean [main] Closing JPA EntityManagerFactory for persistence unit 'smsbulk'
2023-10-02 15:11:32,817 INFO o.s.o.j.AbstractEntityManagerFactoryBean [main] Closing JPA EntityManagerFactory for persistence unit 'smsbulkim'
2023-10-02 15:11:32,819 INFO c.z.h.HikariDataSource [main] HikariPool-4 - Shutdown initiated...
2023-10-02 15:11:32,866 INFO c.z.h.HikariDataSource [main] HikariPool-4 - Shutdown completed.
2023-10-02 15:11:32,866 INFO o.s.o.j.AbstractEntityManagerFactoryBean [main] Closing JPA EntityManagerFactory for persistence unit 'smsRealtimeBackup'
2023-10-02 15:11:32,868 INFO c.z.h.HikariDataSource [main] HikariPool-3 - Shutdown initiated...
2023-10-02 15:11:32,889 INFO c.z.h.HikariDataSource [main] HikariPool-3 - Shutdown completed.
2023-10-02 15:11:32,890 INFO o.s.o.j.AbstractEntityManagerFactoryBean [main] Closing JPA EntityManagerFactory for persistence unit 'smsRealtime'
2023-10-02 15:11:32,891 INFO c.z.h.HikariDataSource [main] HikariPool-2 - Shutdown initiated...
2023-10-02 15:11:32,946 INFO c.z.h.HikariDataSource [main] HikariPool-2 - Shutdown completed.
2023-10-02 15:11:32,947 INFO o.s.o.j.AbstractEntityManagerFactoryBean [main] Closing JPA EntityManagerFactory for persistence unit 'smsBulkBackup'
2023-10-02 15:11:32,948 INFO c.z.h.HikariDataSource [main] HikariPool-1 - Shutdown initiated...
2023-10-02 15:11:32,994 INFO c.z.h.HikariDataSource [main] HikariPool-1 - Shutdown completed.
2023-10-02 15:11:32,995 INFO c.z.h.HikariDataSource [main] HikariPool-5 - Shutdown initiated...
2023-10-02 15:11:33,039 INFO c.z.h.HikariDataSource [main] HikariPool-5 - Shutdown completed.
2023-10-02 15:11:34,348 INFO o.a.j.l.DirectJDKLog [main] Pausing ProtocolHandler ["http-nio-8080"]
2023-10-02 15:11:34,349 INFO o.a.j.l.DirectJDKLog [main] Stopping service [Tomcat]
2023-10-02 15:11:34,362 INFO o.a.j.l.DirectJDKLog [main] Stopping ProtocolHandler ["http-nio-8080"]
2023-10-02 15:11:34,364 INFO o.a.j.l.DirectJDKLog [main] Destroying ProtocolHandler ["http-nio-8080"]
2023-10-02 15:11:34,377 INFO o.s.b.a.l.ConditionEvaluationReportLogger [main] 

Error starting ApplicationContext. To display the condition evaluation report re-run your application with 'debug' enabled.
2023-10-02 15:11:34,614 ERROR o.s.b.d.LoggingFailureAnalysisReporter [main] 

***************************
APPLICATION FAILED TO START
***************************

Description:

Web server failed to start. Port 8080 was already in use.

Action:

Identify and stop the process that's listening on port 8080 or configure this application to listen on another port.

2023-10-02 15:16:10,299 INFO o.s.b.StartupInfoLogger [main] Starting MsmsPerformanceMonitorApplication using Java 17.0.6 with PID 23880 (D:\Office\mSMS_performance_monitor\target\classes started by MALEESHAF in D:\Office\mSMS_performance_monitor)
2023-10-02 15:16:10,306 INFO o.s.b.SpringApplication [main] No active profile set, falling back to 1 default profile: "default"
2023-10-02 15:16:11,423 INFO o.s.d.r.c.RepositoryConfigurationDelegate [main] Bootstrapping Spring Data JPA repositories in DEFAULT mode.
2023-10-02 15:16:11,522 INFO o.s.d.r.c.RepositoryConfigurationDelegate [main] Finished Spring Data repository scanning in 78 ms. Found 1 JPA repository interfaces.
2023-10-02 15:16:11,526 INFO o.s.d.r.c.RepositoryConfigurationDelegate [main] Bootstrapping Spring Data JPA repositories in DEFAULT mode.
2023-10-02 15:16:11,540 INFO o.s.d.r.c.RepositoryConfigurationDelegate [main] Finished Spring Data repository scanning in 11 ms. Found 1 JPA repository interfaces.
2023-10-02 15:16:11,542 INFO o.s.d.r.c.RepositoryConfigurationDelegate [main] Bootstrapping Spring Data JPA repositories in DEFAULT mode.
2023-10-02 15:16:11,554 INFO o.s.d.r.c.RepositoryConfigurationDelegate [main] Finished Spring Data repository scanning in 11 ms. Found 1 JPA repository interfaces.
2023-10-02 15:16:11,558 INFO o.s.d.r.c.RepositoryConfigurationDelegate [main] Bootstrapping Spring Data JPA repositories in DEFAULT mode.
2023-10-02 15:16:11,593 INFO o.s.d.r.c.RepositoryConfigurationDelegate [main] Finished Spring Data repository scanning in 33 ms. Found 4 JPA repository interfaces.
2023-10-02 15:16:11,597 INFO o.s.d.r.c.RepositoryConfigurationDelegate [main] Bootstrapping Spring Data JPA repositories in DEFAULT mode.
2023-10-02 15:16:11,630 INFO o.s.d.r.c.RepositoryConfigurationDelegate [main] Finished Spring Data repository scanning in 32 ms. Found 3 JPA repository interfaces.
2023-10-02 15:16:11,633 INFO o.s.d.r.c.RepositoryConfigurationDelegate [main] Bootstrapping Spring Data JPA repositories in DEFAULT mode.
2023-10-02 15:16:11,651 INFO o.s.d.r.c.RepositoryConfigurationDelegate [main] Finished Spring Data repository scanning in 16 ms. Found 1 JPA repository interfaces.
2023-10-02 15:16:11,653 INFO o.s.d.r.c.RepositoryConfigurationDelegate [main] Bootstrapping Spring Data JPA repositories in DEFAULT mode.
2023-10-02 15:16:11,678 INFO o.s.d.r.c.RepositoryConfigurationDelegate [main] Finished Spring Data repository scanning in 23 ms. Found 2 JPA repository interfaces.
2023-10-02 15:16:13,413 INFO o.s.b.w.e.t.TomcatWebServer [main] Tomcat initialized with port(s): 8080 (http)
2023-10-02 15:16:13,433 INFO o.a.j.l.DirectJDKLog [main] Initializing ProtocolHandler ["http-nio-8080"]
2023-10-02 15:16:13,435 INFO o.a.j.l.DirectJDKLog [main] Starting service [Tomcat]
2023-10-02 15:16:13,436 INFO o.a.j.l.DirectJDKLog [main] Starting Servlet engine: [Apache Tomcat/10.1.8]
2023-10-02 15:16:13,714 INFO o.a.j.l.DirectJDKLog [main] Initializing Spring embedded WebApplicationContext
2023-10-02 15:16:13,715 INFO o.s.b.w.s.c.ServletWebServerApplicationContext [main] Root WebApplicationContext: initialization completed in 3312 ms
2023-10-02 15:16:14,086 INFO o.h.j.i.u.LogHelper [main] HHH000204: Processing PersistenceUnitInfo [name: smsBulkBackup]
2023-10-02 15:16:14,227 INFO o.h.Version [main] HHH000412: Hibernate ORM core version 6.1.7.Final
2023-10-02 15:16:15,061 INFO c.z.h.HikariDataSource [main] HikariPool-1 - Starting...
2023-10-02 15:16:15,434 INFO c.z.h.p.HikariPool [main] HikariPool-1 - Added connection com.mysql.cj.jdbc.ConnectionImpl@7bbd76b8
2023-10-02 15:16:15,439 INFO c.z.h.HikariDataSource [main] HikariPool-1 - Start completed.
2023-10-02 15:16:15,529 INFO o.h.e.j.d.i.DialectFactoryImpl [main] HHH000400: Using dialect: org.hibernate.dialect.MySQLDialect
2023-10-02 15:16:17,137 INFO o.h.e.t.j.p.i.JtaPlatformInitiator [main] HHH000490: Using JtaPlatform implementation: [org.hibernate.engine.transaction.jta.platform.internal.NoJtaPlatform]
2023-10-02 15:16:17,163 INFO o.s.o.j.AbstractEntityManagerFactoryBean [main] Initialized JPA EntityManagerFactory for persistence unit 'smsBulkBackup'
2023-10-02 15:16:17,208 INFO o.h.j.i.u.LogHelper [main] HHH000204: Processing PersistenceUnitInfo [name: smsRealtime]
2023-10-02 15:16:17,313 INFO c.z.h.HikariDataSource [main] HikariPool-2 - Starting...
2023-10-02 15:16:17,348 INFO c.z.h.p.HikariPool [main] HikariPool-2 - Added connection com.mysql.cj.jdbc.ConnectionImpl@61375dff
2023-10-02 15:16:17,349 INFO c.z.h.HikariDataSource [main] HikariPool-2 - Start completed.
2023-10-02 15:16:17,353 INFO o.h.e.j.d.i.DialectFactoryImpl [main] HHH000400: Using dialect: org.hibernate.dialect.MySQLDialect
2023-10-02 15:16:17,508 INFO o.h.e.t.j.p.i.JtaPlatformInitiator [main] HHH000490: Using JtaPlatform implementation: [org.hibernate.engine.transaction.jta.platform.internal.NoJtaPlatform]
2023-10-02 15:16:17,510 INFO o.s.o.j.AbstractEntityManagerFactoryBean [main] Initialized JPA EntityManagerFactory for persistence unit 'smsRealtime'
2023-10-02 15:16:17,557 INFO o.h.j.i.u.LogHelper [main] HHH000204: Processing PersistenceUnitInfo [name: smsRealtimeBackup]
2023-10-02 15:16:17,655 INFO c.z.h.HikariDataSource [main] HikariPool-3 - Starting...
2023-10-02 15:16:17,683 INFO c.z.h.p.HikariPool [main] HikariPool-3 - Added connection com.mysql.cj.jdbc.ConnectionImpl@e8fb390
2023-10-02 15:16:17,684 INFO c.z.h.HikariDataSource [main] HikariPool-3 - Start completed.
2023-10-02 15:16:17,687 INFO o.h.e.j.d.i.DialectFactoryImpl [main] HHH000400: Using dialect: org.hibernate.dialect.MySQLDialect
2023-10-02 15:16:17,800 INFO o.h.e.t.j.p.i.JtaPlatformInitiator [main] HHH000490: Using JtaPlatform implementation: [org.hibernate.engine.transaction.jta.platform.internal.NoJtaPlatform]
2023-10-02 15:16:17,801 INFO o.s.o.j.AbstractEntityManagerFactoryBean [main] Initialized JPA EntityManagerFactory for persistence unit 'smsRealtimeBackup'
2023-10-02 15:16:17,838 INFO o.h.j.i.u.LogHelper [main] HHH000204: Processing PersistenceUnitInfo [name: smsbulkim]
2023-10-02 15:16:17,954 INFO c.z.h.HikariDataSource [main] HikariPool-4 - Starting...
2023-10-02 15:16:17,997 INFO c.z.h.p.HikariPool [main] HikariPool-4 - Added connection com.mysql.cj.jdbc.ConnectionImpl@665574fb
2023-10-02 15:16:17,998 INFO c.z.h.HikariDataSource [main] HikariPool-4 - Start completed.
2023-10-02 15:16:18,002 INFO o.h.e.j.d.i.DialectFactoryImpl [main] HHH000400: Using dialect: org.hibernate.dialect.MySQLDialect
2023-10-02 15:16:18,284 INFO o.h.e.t.j.p.i.JtaPlatformInitiator [main] HHH000490: Using JtaPlatform implementation: [org.hibernate.engine.transaction.jta.platform.internal.NoJtaPlatform]
2023-10-02 15:16:18,286 INFO o.s.o.j.AbstractEntityManagerFactoryBean [main] Initialized JPA EntityManagerFactory for persistence unit 'smsbulkim'
2023-10-02 15:16:18,294 INFO o.h.j.i.u.LogHelper [main] HHH000204: Processing PersistenceUnitInfo [name: smsbulk]
2023-10-02 15:16:18,398 INFO c.z.h.HikariDataSource [main] HikariPool-5 - Starting...
2023-10-02 15:16:18,440 INFO c.z.h.p.HikariPool [main] HikariPool-5 - Added connection com.mysql.cj.jdbc.ConnectionImpl@62f8b2f4
2023-10-02 15:16:18,441 INFO c.z.h.HikariDataSource [main] HikariPool-5 - Start completed.
2023-10-02 15:16:18,445 INFO o.h.e.j.d.i.DialectFactoryImpl [main] HHH000400: Using dialect: org.hibernate.dialect.MySQLDialect
2023-10-02 15:16:18,622 INFO o.h.e.t.j.p.i.JtaPlatformInitiator [main] HHH000490: Using JtaPlatform implementation: [org.hibernate.engine.transaction.jta.platform.internal.NoJtaPlatform]
2023-10-02 15:16:18,623 INFO o.s.o.j.AbstractEntityManagerFactoryBean [main] Initialized JPA EntityManagerFactory for persistence unit 'smsbulk'
2023-10-02 15:16:18,664 INFO o.h.j.i.u.LogHelper [main] HHH000204: Processing PersistenceUnitInfo [name: sms]
2023-10-02 15:16:18,763 INFO c.z.h.HikariDataSource [main] HikariPool-6 - Starting...
2023-10-02 15:16:19,152 INFO c.z.h.p.HikariPool [main] HikariPool-6 - Added connection com.mysql.cj.jdbc.ConnectionImpl@2fbbdca
2023-10-02 15:16:19,152 INFO c.z.h.HikariDataSource [main] HikariPool-6 - Start completed.
2023-10-02 15:16:19,156 INFO o.h.e.j.d.i.DialectFactoryImpl [main] HHH000400: Using dialect: org.hibernate.dialect.MySQLDialect
2023-10-02 15:16:19,229 INFO o.h.e.t.j.p.i.JtaPlatformInitiator [main] HHH000490: Using JtaPlatform implementation: [org.hibernate.engine.transaction.jta.platform.internal.NoJtaPlatform]
2023-10-02 15:16:19,231 INFO o.s.o.j.AbstractEntityManagerFactoryBean [main] Initialized JPA EntityManagerFactory for persistence unit 'sms'
2023-10-02 15:16:19,264 INFO o.h.j.i.u.LogHelper [main] HHH000204: Processing PersistenceUnitInfo [name: user]
2023-10-02 15:16:19,366 INFO c.z.h.HikariDataSource [main] HikariPool-7 - Starting...
2023-10-02 15:16:19,396 INFO c.z.h.p.HikariPool [main] HikariPool-7 - Added connection com.mysql.cj.jdbc.ConnectionImpl@f4deb35
2023-10-02 15:16:19,397 INFO c.z.h.HikariDataSource [main] HikariPool-7 - Start completed.
2023-10-02 15:16:19,401 INFO o.h.e.j.d.i.DialectFactoryImpl [main] HHH000400: Using dialect: org.hibernate.dialect.MySQLDialect
2023-10-02 15:16:19,496 INFO o.h.e.t.j.p.i.JtaPlatformInitiator [main] HHH000490: Using JtaPlatform implementation: [org.hibernate.engine.transaction.jta.platform.internal.NoJtaPlatform]
2023-10-02 15:16:19,497 INFO o.s.o.j.AbstractEntityManagerFactoryBean [main] Initialized JPA EntityManagerFactory for persistence unit 'user'
2023-10-02 15:16:20,077 WARN o.s.c.LocalVariableTableParameterNameDiscoverer [main] Using deprecated '-debug' fallback for parameter name resolution. Compile the affected code with '-parameters' instead or avoid its introspection: com.MSMSPerformanceMonitor.user.repository.RefreshTokenRepository
2023-10-02 15:16:20,338 WARN o.s.c.LocalVariableTableParameterNameDiscoverer [main] Using deprecated '-debug' fallback for parameter name resolution. Compile the affected code with '-parameters' instead or avoid its introspection: com.MSMSPerformanceMonitor.smsbulk.repository.BulkSmsRepository
2023-10-02 15:16:21,069 WARN o.s.c.LocalVariableTableParameterNameDiscoverer [main] Using deprecated '-debug' fallback for parameter name resolution. Compile the affected code with '-parameters' instead or avoid its introspection: com.MSMSPerformanceMonitor.smsbulk.repository.SMSLoadSummeryCopyRepository
2023-10-02 15:16:21,637 WARN o.s.b.a.o.j.JpaBaseConfiguration$JpaWebConfiguration [main] spring.jpa.open-in-view is enabled by default. Therefore, database queries may be performed during view rendering. Explicitly configure spring.jpa.open-in-view to disable this warning
2023-10-02 15:16:22,319 INFO o.a.j.l.DirectJDKLog [main] Starting ProtocolHandler ["http-nio-8080"]
2023-10-02 15:16:22,423 INFO o.s.b.w.e.t.TomcatWebServer [main] Tomcat started on port(s): 8080 (http) with context path ''
2023-10-02 15:16:22,455 INFO o.s.b.StartupInfoLogger [main] Started MsmsPerformanceMonitorApplication in 12.914 seconds (process running for 15.43)
2023-10-02 15:17:17,976 INFO o.a.j.l.DirectJDKLog [http-nio-8080-exec-1] Initializing Spring DispatcherServlet 'dispatcherServlet'
2023-10-02 15:17:17,977 INFO o.s.w.s.FrameworkServlet [http-nio-8080-exec-1] Initializing Servlet 'dispatcherServlet'
2023-10-02 15:17:17,980 INFO o.s.w.s.FrameworkServlet [http-nio-8080-exec-1] Completed initialization in 2 ms
2023-10-02 15:18:59,988 WARN o.s.w.s.h.AbstractHandlerExceptionResolver [http-nio-8080-exec-5] Resolved [org.springframework.web.method.annotation.MethodArgumentTypeMismatchException: Failed to convert value of type 'java.lang.String' to required type 'java.lang.Integer'; For input string: "NaN"]
2023-10-02 15:19:02,223 WARN o.s.w.s.h.AbstractHandlerExceptionResolver [http-nio-8080-exec-7] Resolved [org.springframework.web.method.annotation.MethodArgumentTypeMismatchException: Failed to convert value of type 'java.lang.String' to required type 'java.lang.Integer'; For input string: "NaN"]
2023-10-02 15:19:03,005 WARN o.s.w.s.h.AbstractHandlerExceptionResolver [http-nio-8080-exec-10] Resolved [org.springframework.web.method.annotation.MethodArgumentTypeMismatchException: Failed to convert value of type 'java.lang.String' to required type 'java.lang.Integer'; For input string: "NaN"]
2023-10-02 15:19:03,013 WARN o.s.w.s.h.AbstractHandlerExceptionResolver [http-nio-8080-exec-6] Resolved [org.springframework.web.method.annotation.MethodArgumentTypeMismatchException: Failed to convert value of type 'java.lang.String' to required type 'java.lang.Integer'; For input string: "NaN"]
2023-10-02 15:30:20,215 INFO o.s.b.a.SpringApplicationAdminMXBeanRegistrar$SpringApplicationAdmin [RMI TCP Connection(17)-127.0.0.1] Application shutdown requested.
2023-10-02 15:30:20,315 INFO o.a.j.l.DirectJDKLog [RMI TCP Connection(17)-127.0.0.1] Pausing ProtocolHandler ["http-nio-8080"]
2023-10-02 15:30:20,316 INFO o.a.j.l.DirectJDKLog [RMI TCP Connection(17)-127.0.0.1] Stopping service [Tomcat]
2023-10-02 15:30:20,318 INFO o.a.j.l.DirectJDKLog [RMI TCP Connection(17)-127.0.0.1] Destroying Spring FrameworkServlet 'dispatcherServlet'
2023-10-02 15:30:20,330 INFO o.a.j.l.DirectJDKLog [RMI TCP Connection(17)-127.0.0.1] Stopping ProtocolHandler ["http-nio-8080"]
2023-10-02 15:30:20,335 INFO o.a.j.l.DirectJDKLog [RMI TCP Connection(17)-127.0.0.1] Destroying ProtocolHandler ["http-nio-8080"]
2023-10-02 15:30:20,364 INFO o.s.o.j.AbstractEntityManagerFactoryBean [RMI TCP Connection(17)-127.0.0.1] Closing JPA EntityManagerFactory for persistence unit 'user'
2023-10-02 15:30:20,366 INFO c.z.h.HikariDataSource [RMI TCP Connection(17)-127.0.0.1] HikariPool-7 - Shutdown initiated...
2023-10-02 15:30:20,380 INFO c.z.h.HikariDataSource [RMI TCP Connection(17)-127.0.0.1] HikariPool-7 - Shutdown completed.
2023-10-02 15:30:20,381 INFO o.s.o.j.AbstractEntityManagerFactoryBean [RMI TCP Connection(17)-127.0.0.1] Closing JPA EntityManagerFactory for persistence unit 'sms'
2023-10-02 15:30:20,382 INFO c.z.h.HikariDataSource [RMI TCP Connection(17)-127.0.0.1] HikariPool-6 - Shutdown initiated...
2023-10-02 15:30:20,396 INFO c.z.h.HikariDataSource [RMI TCP Connection(17)-127.0.0.1] HikariPool-6 - Shutdown completed.
2023-10-02 15:30:20,397 INFO o.s.o.j.AbstractEntityManagerFactoryBean [RMI TCP Connection(17)-127.0.0.1] Closing JPA EntityManagerFactory for persistence unit 'smsbulk'
2023-10-02 15:30:20,398 INFO o.s.o.j.AbstractEntityManagerFactoryBean [RMI TCP Connection(17)-127.0.0.1] Closing JPA EntityManagerFactory for persistence unit 'smsbulkim'
2023-10-02 15:30:20,399 INFO c.z.h.HikariDataSource [RMI TCP Connection(17)-127.0.0.1] HikariPool-4 - Shutdown initiated...
2023-10-02 15:30:20,411 INFO c.z.h.HikariDataSource [RMI TCP Connection(17)-127.0.0.1] HikariPool-4 - Shutdown completed.
2023-10-02 15:30:20,412 INFO o.s.o.j.AbstractEntityManagerFactoryBean [RMI TCP Connection(17)-127.0.0.1] Closing JPA EntityManagerFactory for persistence unit 'smsRealtimeBackup'
2023-10-02 15:30:20,413 INFO c.z.h.HikariDataSource [RMI TCP Connection(17)-127.0.0.1] HikariPool-3 - Shutdown initiated...
2023-10-02 15:30:20,420 INFO c.z.h.HikariDataSource [RMI TCP Connection(17)-127.0.0.1] HikariPool-3 - Shutdown completed.
2023-10-02 15:30:20,420 INFO o.s.o.j.AbstractEntityManagerFactoryBean [RMI TCP Connection(17)-127.0.0.1] Closing JPA EntityManagerFactory for persistence unit 'smsRealtime'
2023-10-02 15:30:20,421 INFO c.z.h.HikariDataSource [RMI TCP Connection(17)-127.0.0.1] HikariPool-2 - Shutdown initiated...
2023-10-02 15:30:20,438 INFO c.z.h.HikariDataSource [RMI TCP Connection(17)-127.0.0.1] HikariPool-2 - Shutdown completed.
2023-10-02 15:30:20,439 INFO o.s.o.j.AbstractEntityManagerFactoryBean [RMI TCP Connection(17)-127.0.0.1] Closing JPA EntityManagerFactory for persistence unit 'smsBulkBackup'
2023-10-02 15:30:20,542 INFO c.z.h.HikariDataSource [RMI TCP Connection(17)-127.0.0.1] HikariPool-1 - Shutdown initiated...
2023-10-02 15:30:20,546 INFO c.z.h.HikariDataSource [RMI TCP Connection(17)-127.0.0.1] HikariPool-1 - Shutdown completed.
2023-10-02 15:30:20,547 INFO c.z.h.HikariDataSource [RMI TCP Connection(17)-127.0.0.1] HikariPool-5 - Shutdown initiated...
2023-10-02 15:30:20,553 INFO c.z.h.HikariDataSource [RMI TCP Connection(17)-127.0.0.1] HikariPool-5 - Shutdown completed.
